[13:56:05] [main/INFO] (FabricLoader/GameProvider) Loading Minecraft 1.20.4 with Fabric Loader 0.15.7
[13:56:06] [main/INFO] (FabricLoader) Loading 57 mods:
	- fabric-api 0.96.11+1.20.4
	- fabric-api-base 0.4.36+78d798af4f
	- fabric-api-lookup-api-v1 1.6.49+82b1bb3e4f
	- fabric-biome-api-v1 13.0.16+78d798af4f
	- fabric-block-api-v1 1.0.16+3e2216cb4f
	- fabric-block-view-api-v2 1.0.4+78d798af4f
	- fabric-blockrenderlayer-v1 1.1.46+78d798af4f
	- fabric-client-tags-api-v1 1.1.7+78d798af4f
	- fabric-command-api-v1 1.2.41+f71b366f4f
	- fabric-command-api-v2 2.2.20+78d798af4f
	- fabric-commands-v0 0.2.58+df3654b34f
	- fabric-containers-v0 0.1.86+df3654b34f
	- fabric-content-registries-v0 5.0.15+78d798af4f
	- fabric-convention-tags-v1 1.5.10+78d798af4f
	- fabric-crash-report-info-v1 0.2.23+78d798af4f
	- fabric-data-attachment-api-v1 1.1.4+b90db5744f
	- fabric-data-generation-api-v1 13.2.4+5c0133444f
	- fabric-dimensions-v1 2.1.61+78d798af4f
	- fabric-entity-events-v1 1.6.1+09fc25014f
	- fabric-events-interaction-v0 0.7.1+389931eb4f
	- fabric-events-lifecycle-v0 0.2.74+df3654b34f
	- fabric-game-rule-api-v1 1.0.46+78d798af4f
	- fabric-gametest-api-v1 1.3.5+85d85a934f
	- fabric-item-api-v1 2.2.0+d6f2b0844f
	- fabric-item-group-api-v1 4.0.26+58f8c0124f
	- fabric-key-binding-api-v1 1.0.41+78d798af4f
	- fabric-keybindings-v0 0.2.39+df3654b34f
	- fabric-lifecycle-events-v1 2.3.0+a67ffb5d4f
	- fabric-loot-api-v2 2.1.9+78d798af4f
	- fabric-message-api-v1 6.0.5+78d798af4f
	- fabric-mining-level-api-v1 2.1.65+78d798af4f
	- fabric-model-loading-api-v1 1.0.8+78d798af4f
	- fabric-models-v0 0.4.7+9386d8a74f
	- fabric-networking-api-v1 3.1.7+2e5ac5484f
	- fabric-object-builder-api-v1 13.0.14+080016e44f
	- fabric-particles-v1 1.1.7+78d798af4f
	- fabric-recipe-api-v1 2.0.20+78d798af4f
	- fabric-registry-sync-v0 4.0.19+58f8c0124f
	- fabric-renderer-api-v1 3.2.4+78d798af4f
	- fabric-renderer-indigo 1.5.4+78d798af4f
	- fabric-renderer-registries-v1 3.2.53+df3654b34f
	- fabric-rendering-data-attachment-v1 0.3.42+73761d2e4f
	- fabric-rendering-fluids-v1 3.1.1+e761c6694f
	- fabric-rendering-v0 1.1.56+df3654b34f
	- fabric-rendering-v1 3.2.0+6fd945a04f
	- fabric-resource-conditions-api-v1 2.3.14+78d798af4f
	- fabric-resource-loader-v0 0.11.20+df798a894f
	- fabric-screen-api-v1 2.0.17+78d798af4f
	- fabric-screen-handler-api-v1 1.3.55+78d798af4f
	- fabric-sound-api-v1 1.0.17+78d798af4f
	- fabric-transfer-api-v1 4.0.11+eb30349a4f
	- fabric-transitive-access-wideners-v1 5.0.14+78d798af4f
	- fabricloader 0.15.7
	- java 17
	- minecraft 1.20.4
	- mixinextras 0.3.5
	- test 1.0-SNAPSHOT
[13:56:06] [main/INFO] (FabricLoader/Mixin) SpongePowered MIXIN Subsystem Version=0.8.5 Source=file:/C:/Users/%d0%9d%d0%b8%d0%ba%d0%b8%d1%82%d0%b0%20%d0%94%d0%b0/.gradle/caches/modules-2/files-2.1/net.fabricmc/sponge-mixin/0.12.5+mixin.0.8.5/8d31fb97c3e0cd7c8dad3441851c523bcfae6d8e/sponge-mixin-0.12.5+mixin.0.8.5.jar Service=Knot/Fabric Env=CLIENT
[13:56:06] [main/INFO] (FabricLoader/Mixin) Loaded Fabric development mappings for mixin remapper!
[13:56:06] [main/INFO] (FabricLoader/Mixin) Compatibility level set to JAVA_17
[13:56:08] [main/INFO] (FabricLoader/MixinExtras|Service) Initializing MixinExtras via com.llamalad7.mixinextras.service.MixinExtrasServiceImpl(version=0.3.5).
[13:56:09] [main/WARN] (PerfmonDisabled) Invalid registry value type detected for PerfOS counters. Should be REG_DWORD. Ignoring: HKEY_LOCAL_MACHINE\SYSTEM\CurrentControlSet\Services\PerfOS\Performance\Disable Performance Counters.
[13:56:15] [Datafixer Bootstrap/INFO] (Minecraft) 198 Datafixer optimizations took 148 milliseconds
[13:56:17] [Render thread/INFO] (Minecraft) Environment: Environment[sessionHost=https://sessionserver.mojang.com, servicesHost=https://api.minecraftservices.com, name=PROD]
[13:56:17] [Render thread/INFO] (Minecraft) Setting user: Player709
[13:56:18] [Render thread/INFO] (fabric-networking-api-v1) Force Packet Serialization is enabled to mimic remote connection on single player, this is the default behaviour on dev env. Add -Dfabric-api.networking.force-packet-serialization=false JVM arg to disable it.
[13:56:18] [Render thread/INFO] (test) Registering Item Groups for test
[13:56:18] [Render thread/INFO] (test) Register ModBlocks for test
[13:56:18] [Render thread/INFO] (Indigo) [Indigo] Registering Indigo renderer!
[13:56:18] [Download-2/ERROR] (Minecraft) Failed to fetch user properties
com.mojang.authlib.exceptions.InvalidCredentialsException: Status: 401
	at com.mojang.authlib.exceptions.MinecraftClientHttpException.toAuthenticationException(MinecraftClientHttpException.java:59) ~[authlib-6.0.52.jar:?]
	at com.mojang.authlib.yggdrasil.YggdrasilUserApiService.fetchProperties(YggdrasilUserApiService.java:150) ~[authlib-6.0.52.jar:?]
	at net.minecraft.client.MinecraftClient.method_55608(MinecraftClient.java:467) ~[minecraft-merged-e7cf13955e-1.20.4-net.fabricmc.yarn.1_20_4.1.20.4+build.3-v2.jar:?]
	at java.util.concurrent.CompletableFuture$AsyncSupply.run(CompletableFuture.java:1768) ~[?:?]
	at java.util.concurrent.ThreadPoolExecutor.runWorker(ThreadPoolExecutor.java:1136) ~[?:?]
	at java.util.concurrent.ThreadPoolExecutor$Worker.run(ThreadPoolExecutor.java:635) ~[?:?]
	at java.lang.Thread.run(Thread.java:840) ~[?:?]
Caused by: com.mojang.authlib.exceptions.MinecraftClientHttpException: Status: 401
	at com.mojang.authlib.minecraft.client.MinecraftClient.readInputStream(MinecraftClient.java:100) ~[authlib-6.0.52.jar:?]
	at com.mojang.authlib.minecraft.client.MinecraftClient.get(MinecraftClient.java:57) ~[authlib-6.0.52.jar:?]
	at com.mojang.authlib.yggdrasil.YggdrasilUserApiService.fetchProperties(YggdrasilUserApiService.java:121) ~[authlib-6.0.52.jar:?]
	... 5 more
[13:56:19] [Render thread/INFO] (Minecraft) Backend library: LWJGL version 3.3.2-snapshot
[13:56:20] [Render thread/INFO] (Minecraft) Reloading ResourceManager: vanilla, fabric, fabric-api, fabric-api-base, fabric-api-lookup-api-v1, fabric-biome-api-v1, fabric-block-api-v1, fabric-block-view-api-v2, fabric-blockrenderlayer-v1, fabric-client-tags-api-v1, fabric-command-api-v1, fabric-command-api-v2, fabric-commands-v0, fabric-containers-v0, fabric-content-registries-v0, fabric-convention-tags-v1, fabric-crash-report-info-v1, fabric-data-attachment-api-v1, fabric-data-generation-api-v1, fabric-dimensions-v1, fabric-entity-events-v1, fabric-events-interaction-v0, fabric-events-lifecycle-v0, fabric-game-rule-api-v1, fabric-gametest-api-v1, fabric-item-api-v1, fabric-item-group-api-v1, fabric-key-binding-api-v1, fabric-keybindings-v0, fabric-lifecycle-events-v1, fabric-loot-api-v2, fabric-message-api-v1, fabric-mining-level-api-v1, fabric-model-loading-api-v1, fabric-models-v0, fabric-networking-api-v1, fabric-object-builder-api-v1, fabric-particles-v1, fabric-recipe-api-v1, fabric-registry-sync-v0, fabric-renderer-api-v1, fabric-renderer-indigo, fabric-renderer-registries-v1, fabric-rendering-data-attachment-v1, fabric-rendering-fluids-v1, fabric-rendering-v0, fabric-rendering-v1, fabric-resource-conditions-api-v1, fabric-resource-loader-v0, fabric-screen-api-v1, fabric-screen-handler-api-v1, fabric-sound-api-v1, fabric-transfer-api-v1, fabric-transitive-access-wideners-v1, fabricloader, test
[13:56:20] [Worker-Main-6/INFO] (Minecraft) Found unifont_all_no_pua-15.1.04.hex, loading
[13:56:22] [Render thread/WARN] (Minecraft) Missing sound for event: minecraft:item.goat_horn.play
[13:56:22] [Render thread/WARN] (Minecraft) Missing sound for event: minecraft:entity.goat.screaming.horn_break
[13:56:22] [Render thread/WARN] (Minecraft) Missing sound for event: minecraft:entity.generic.wind_burst
[13:56:22] [Render thread/INFO] (Minecraft) OpenAL initialized on device OpenAL Soft on Наушники гарнитуры (G435 Wireless Gaming Headset)
[13:56:22] [Render thread/INFO] (Minecraft) Sound engine started
[13:56:22] [Render thread/INFO] (Minecraft) Created: 1024x512x4 minecraft:textures/atlas/blocks.png-atlas
[13:56:22] [Render thread/INFO] (Minecraft) Created: 256x256x4 minecraft:textures/atlas/signs.png-atlas
[13:56:22] [Render thread/INFO] (Minecraft) Created: 512x512x4 minecraft:textures/atlas/shield_patterns.png-atlas
[13:56:22] [Render thread/INFO] (Minecraft) Created: 512x512x4 minecraft:textures/atlas/banner_patterns.png-atlas
[13:56:22] [Render thread/INFO] (Minecraft) Created: 1024x1024x4 minecraft:textures/atlas/armor_trims.png-atlas
[13:56:22] [Render thread/INFO] (Minecraft) Created: 256x256x4 minecraft:textures/atlas/chest.png-atlas
[13:56:22] [Render thread/INFO] (Minecraft) Created: 128x64x4 minecraft:textures/atlas/decorated_pot.png-atlas
[13:56:22] [Render thread/INFO] (Minecraft) Created: 512x256x4 minecraft:textures/atlas/beds.png-atlas
[13:56:22] [Render thread/INFO] (Minecraft) Created: 512x256x4 minecraft:textures/atlas/shulker_boxes.png-atlas
[13:56:23] [Render thread/WARN] (Minecraft) Shader rendertype_entity_translucent_emissive could not find sampler named Sampler2 in the specified shader program.
[13:56:23] [Render thread/INFO] (Minecraft) Created: 512x256x0 minecraft:textures/atlas/particles.png-atlas
[13:56:23] [Render thread/INFO] (Minecraft) Created: 256x256x0 minecraft:textures/atlas/paintings.png-atlas
[13:56:23] [Render thread/INFO] (Minecraft) Created: 128x128x0 minecraft:textures/atlas/mob_effects.png-atlas
[13:56:23] [Render thread/INFO] (Minecraft) Created: 1024x512x0 minecraft:textures/atlas/gui.png-atlas
[13:56:24] [IO-Worker-1/INFO] (Minecraft) Could not authorize you against Realms server: Invalid session id
[13:56:24] [IO-Worker-1/ERROR] (Minecraft) Couldn't connect to realms
net.minecraft.client.realms.exception.RealmsServiceException: Realms authentication error with message 'Invalid session id'
	at net.minecraft.client.realms.RealmsClient.execute(RealmsClient.java:447) ~[minecraft-merged-e7cf13955e-1.20.4-net.fabricmc.yarn.1_20_4.1.20.4+build.3-v2.jar:?]
	at net.minecraft.client.realms.RealmsClient.clientCompatible(RealmsClient.java:232) ~[minecraft-merged-e7cf13955e-1.20.4-net.fabricmc.yarn.1_20_4.1.20.4+build.3-v2.jar:?]
	at net.minecraft.client.realms.RealmsAvailability.method_52627(RealmsAvailability.java:45) ~[minecraft-merged-e7cf13955e-1.20.4-net.fabricmc.yarn.1_20_4.1.20.4+build.3-v2.jar:?]
	at java.util.concurrent.CompletableFuture$AsyncSupply.run(CompletableFuture.java:1768) ~[?:?]
	at java.util.concurrent.ThreadPoolExecutor.runWorker(ThreadPoolExecutor.java:1136) ~[?:?]
	at java.util.concurrent.ThreadPoolExecutor$Worker.run(ThreadPoolExecutor.java:635) ~[?:?]
	at java.lang.Thread.run(Thread.java:840) ~[?:?]
[13:56:33] [Worker-Main-9/ERROR] (Minecraft) Couldn't parse element loot_tables:test:blocks/cum_block - Not a json array: {"conditions":"minecraft:survives_explosion"}; Unknown registry key in ResourceKey[minecraft:root / minecraft:item]: tutorialmod:cum_block
[13:56:33] [Render thread/INFO] (Minecraft) Loaded 7 recipes
[13:56:34] [Render thread/INFO] (Minecraft) Loaded 1271 advancements
[13:56:34] [Render thread/INFO] (BiomeModificationImpl) Applied 0 biome modifications to 0 of 64 new biomes in 1.691 ms
[13:56:34] [Server thread/INFO] (Minecraft) Starting integrated minecraft server version 1.20.4
[13:56:34] [Server thread/INFO] (Minecraft) Generating keypair
[13:56:35] [Server thread/INFO] (Minecraft) Preparing start region for dimension minecraft:overworld
[13:56:38] [Render thread/INFO] (Minecraft) Preparing spawn area: 0%
[13:56:38] [Render thread/INFO] (Minecraft) Preparing spawn area: 0%
[13:56:38] [Render thread/INFO] (Minecraft) Preparing spawn area: 0%
[13:56:38] [Render thread/INFO] (Minecraft) Preparing spawn area: 0%
[13:56:38] [Render thread/INFO] (Minecraft) Preparing spawn area: 0%
[13:56:38] [Render thread/INFO] (Minecraft) Preparing spawn area: 0%
[13:56:38] [Render thread/INFO] (Minecraft) Preparing spawn area: 58%
[13:56:39] [Render thread/INFO] (Minecraft) Time elapsed: 3216 ms
[13:56:39] [Server thread/INFO] (Minecraft) Changing view distance to 12, from 10
[13:56:39] [Server thread/INFO] (Minecraft) Changing simulation distance to 12, from 0
[13:56:40] [Server thread/INFO] (Minecraft) Player709[local:E:e69bcdd5] logged in with entity id 181 at (237.94940628459048, 72.5, -145.35775196236327)
[13:56:40] [Server thread/INFO] (Minecraft) Player709 joined the game
[13:56:40] [Render thread/INFO] (Minecraft) Loaded 9 advancements
[13:56:50] [Server thread/INFO] (Minecraft) Saving and pausing game...
[13:56:50] [Server thread/INFO] (Minecraft) Saving chunks for level 'ServerLevel[New World]'/minecraft:overworld
[13:56:50] [Server thread/INFO] (Minecraft) Saving chunks for level 'ServerLevel[New World]'/minecraft:the_nether
[13:56:50] [Server thread/INFO] (Minecraft) Saving chunks for level 'ServerLevel[New World]'/minecraft:the_end
[13:56:52] [Render thread/INFO] (Minecraft) Using default channel type
[13:56:52] [Render thread/INFO] (Minecraft) Started serving on 56977
[13:56:52] [Render thread/INFO] (Minecraft) [System] [CHAT] Local game hosted on port [56977]
[13:56:54] [Server thread/INFO] (Minecraft) [Player709: Set own game mode to Creative Mode]
[13:56:54] [Render thread/INFO] (Minecraft) [System] [CHAT] Set own game mode to Creative Mode
[13:57:38] [Render thread/INFO] (Minecraft) Loaded 10 advancements
[13:59:28] [Server thread/INFO] (Minecraft) Player709 lost connection: Disconnected
[13:59:28] [Server thread/INFO] (Minecraft) Player709 left the game
[13:59:28] [Server thread/INFO] (Minecraft) Stopping singleplayer server as player logged out
[13:59:28] [Server thread/INFO] (Minecraft) Stopping server
[13:59:28] [Server thread/INFO] (Minecraft) Saving players
[13:59:28] [Server thread/INFO] (Minecraft) Saving worlds
[13:59:28] [Server thread/INFO] (Minecraft) Saving chunks for level 'ServerLevel[New World]'/minecraft:overworld
[13:59:28] [Server thread/INFO] (Minecraft) Saving chunks for level 'ServerLevel[New World]'/minecraft:the_nether
[13:59:28] [Server thread/INFO] (Minecraft) Saving chunks for level 'ServerLevel[New World]'/minecraft:the_end
[13:59:28] [Server thread/INFO] (Minecraft) ThreadedAnvilChunkStorage (New World): All chunks are saved
[13:59:28] [Server thread/INFO] (Minecraft) ThreadedAnvilChunkStorage (DIM-1): All chunks are saved
[13:59:28] [Server thread/INFO] (Minecraft) ThreadedAnvilChunkStorage (DIM1): All chunks are saved
[13:59:28] [Server thread/INFO] (Minecraft) ThreadedAnvilChunkStorage: All dimensions are saved
[14:00:03] [Render thread/INFO] (Minecraft) Stopping!
